[debug] > Exec(early(addDefaultCommands), None, None)
[debug] > Exec(addDefaultCommands, None, None)
[debug] > Exec(early(initialize), None, None)
[debug] > Exec(initialize, None, None)
[debug] > Exec(boot, None, None)
[debug] > Exec(writeSbtVersion, None, None)
[debug] > Exec(reload, None, None)
[debug] > Exec(sbtStashOnFailure, None, None)
[debug] > Exec(onFailure loadFailed, None, None)
[debug] > Exec(loadp, None, None)
[info] welcome to sbt 1.9.7 (Amazon.com Inc. Java 17.0.9)
[debug] Load.defaultLoad until apply took 344.6342ms
[debug]           Load.loadUnit: plugins took 96.2634ms
[debug]           Load.loadUnit: defsScala took 0.2633ms
[debug] [Loading] Scanning directory C:\Users\telmo\Desktop\Dissertation\APIGenMPST\project
[debug] [Loading] Found non-root projects 
[debug] [Loading] Done in C:\Users\telmo\Desktop\Dissertation\APIGenMPST\project, returning: ()
[debug] deducing auto plugins based on known facts Set(Atom(sbt.plugins.CorePlugin)) and clauses Clauses(Clause(Atom(sbt.plugins.JvmPlugin),Set(Atom(sbt.plugins.IvyPlugin)))
[debug] Clause(Atom(sbt.ScriptedPlugin),Set(Atom(sbt.plugins.JvmPlugin)))
[debug] Clause(Atom(sbt.plugins.SbtPlugin),Set(Atom(sbt.ScriptedPlugin)))
[debug] Clause(Atom(sbt.plugins.SemanticdbPlugin),Set(Atom(sbt.plugins.JvmPlugin)))
[debug] Clause(Atom(sbt.plugins.JUnitXmlReportPlugin),Set(Atom(sbt.plugins.JvmPlugin)))
[debug] Clause(Atom(sbt.plugins.MiniDependencyTreePlugin),Set(Atom(sbt.plugins.JvmPlugin)))
[debug] Clause(Atom(sbt.plugins.CorePlugin),Set(Atom(sbt.plugins.IvyPlugin)))
[debug] Clause(Atom(sbt.plugins.IvyPlugin),Set(Atom(sbt.plugins.JvmPlugin)))
[debug] Clause(Atom(sbt.plugins.JvmPlugin),Set(Atom(sbt.plugins.SemanticdbPlugin)))
[debug] Clause(Atom(sbt.plugins.JvmPlugin),Set(Atom(sbt.plugins.JUnitXmlReportPlugin)))
[debug] Clause(Atom(sbt.plugins.CorePlugin),Set(Atom(sbt.plugins.Giter8TemplatePlugin)))
[debug] Clause(Atom(sbt.plugins.JvmPlugin),Set(Atom(sbt.plugins.MiniDependencyTreePlugin))))
[debug]   :: deduced result: Matched(sbt.plugins.CorePlugin,sbt.plugins.Giter8TemplatePlugin,sbt.plugins.IvyPlugin,sbt.plugins.JvmPlugin,sbt.plugins.MiniDependencyTreePlugin,sbt.plugins.JUnitXmlReportPlugin,sbt.plugins.SemanticdbPlugin)
[debug] Plugins.deducer#function took 63.6606 ms
[debug]               Load.resolveProject(apigenmpst-build) took 124.2695ms
[debug]             Load.loadTransitive: finalizeProject(Project(id apigenmpst-build, base: C:\Users\telmo\Desktop\Dissertation\APIGenMPST\project, plugins: List(<none>))) took 241.5178ms
[debug] [Loading] Done in C:\Users\telmo\Desktop\Dissertation\APIGenMPST\project, returning: (apigenmpst-build)
[debug]           Load.loadUnit: loadedProjectsRaw took 300.4308ms
[debug]           Load.loadUnit: cleanEvalClasses took 0.8965ms
[debug]         Load.loadUnit(file:/C:/Users/telmo/Desktop/Dissertation/APIGenMPST/project/, ...) took 407.2003ms
[debug]       Load.apply: load took 682.4657ms
[debug]       Load.apply: resolveProjects took 5.8153ms
[debug]       Load.apply: finalTransforms took 109.5607ms
[debug]       Load.apply: config.delegates took 18.5883ms
[debug]       Load.apply: Def.make(settings)... took 722.6935ms
[debug]       Load.apply: structureIndex took 484.0544ms
[debug]       Load.apply: mkStreams took 3.2378ms
[info] loading project definition from C:\Users\telmo\Desktop\Dissertation\APIGenMPST\project
[debug] Running task... Cancel: Signal, check cycles: false, forcegc: true
[debug]     Load.loadUnit: plugins took 3532.6114ms
[debug]     Load.loadUnit: defsScala took 0.0135ms
[debug] [Loading] Scanning directory C:\Users\telmo\Desktop\Dissertation\APIGenMPST
[debug]       Load.loadUnit: mkEval took 7.3579ms
[debug] [Loading] Found root project root w/ remaining 
[debug] deducing auto plugins based on known facts Set(Atom(sbt.plugins.CorePlugin)) and clauses Clauses(Clause(Atom(sbt.plugins.JvmPlugin),Set(Atom(sbt.plugins.IvyPlugin)))
[debug] Clause(Atom(sbt.ScriptedPlugin),Set(Atom(sbt.plugins.JvmPlugin)))
[debug] Clause(Atom(sbt.plugins.SbtPlugin),Set(Atom(sbt.ScriptedPlugin)))
[debug] Clause(Atom(sbt.plugins.SemanticdbPlugin),Set(Atom(sbt.plugins.JvmPlugin)))
[debug] Clause(Atom(sbt.plugins.JUnitXmlReportPlugin),Set(Atom(sbt.plugins.JvmPlugin)))
[debug] Clause(Atom(sbt.plugins.MiniDependencyTreePlugin),Set(Atom(sbt.plugins.JvmPlugin)))
[debug] Clause(Atom(sbt.plugins.CorePlugin),Set(Atom(sbt.plugins.IvyPlugin)))
[debug] Clause(Atom(sbt.plugins.IvyPlugin),Set(Atom(sbt.plugins.JvmPlugin)))
[debug] Clause(Atom(sbt.plugins.JvmPlugin),Set(Atom(sbt.plugins.SemanticdbPlugin)))
[debug] Clause(Atom(sbt.plugins.JvmPlugin),Set(Atom(sbt.plugins.JUnitXmlReportPlugin)))
[debug] Clause(Atom(sbt.plugins.CorePlugin),Set(Atom(sbt.plugins.Giter8TemplatePlugin)))
[debug] Clause(Atom(sbt.plugins.JvmPlugin),Set(Atom(sbt.plugins.MiniDependencyTreePlugin))))
[debug]   :: deduced result: Matched(sbt.plugins.CorePlugin,sbt.plugins.Giter8TemplatePlugin,sbt.plugins.IvyPlugin,sbt.plugins.JvmPlugin,sbt.plugins.MiniDependencyTreePlugin,sbt.plugins.JUnitXmlReportPlugin,sbt.plugins.SemanticdbPlugin)
[debug] Plugins.deducer#function took 4.4764 ms
[info] loading settings for project root from build.sbt ...
[debug]         Load.resolveProject(root) took 4.3729ms
[debug]       Load.loadTransitive: finalizeProject(Project(id root, base: C:\Users\telmo\Desktop\Dissertation\APIGenMPST, plugins: List(<none>))) took 12.3965ms
[debug] [Loading] Done in C:\Users\telmo\Desktop\Dissertation\APIGenMPST, returning: (root)
[debug]     Load.loadUnit: loadedProjectsRaw took 282.5833ms
[debug]     Load.loadUnit: cleanEvalClasses took 16.12ms
[debug]   Load.loadUnit(file:/C:/Users/telmo/Desktop/Dissertation/APIGenMPST/, ...) took 3834.0842ms
[debug] Load.apply: load took 3860.637ms
[debug] Load.apply: resolveProjects took 0.28ms
[debug] Load.apply: finalTransforms took 25.4033ms
[debug] Load.apply: config.delegates took 0.6169ms
[debug] Load.apply: Def.make(settings)... took 145.4105ms
[debug] Load.apply: structureIndex took 44.7756ms
[debug] Load.apply: mkStreams took 0.005ms
[info] set current project to APIGenMPST (in build file:/C:/Users/telmo/Desktop/Dissertation/APIGenMPST/)
[debug] > Exec(sbtPopOnFailure, None, None)
[debug] > Exec(resumeFromFailure, None, None)
[debug] > Exec(notifyUsersAboutShell, None, None)
[debug] > Exec(iflast shell, None, None)
[debug] > Exec(shell, None, None)
[info] sbt server started at local:sbt-server-8197b17d16166f5c751f
[debug] Writing bsp connection file
[info] started sbt server
