[0m[[0m[0mdebug[0m] [0m[0m> Exec(__runWatch console0, Some(32c0f09c-02b6-430e-b809-20c088bc6723), Some(CommandSource(console0)))[0m
[0m[[0m[0mdebug[0m] [0m[0m> Exec(sbtStashOnFailure, None, Some(CommandSource(console0)))[0m
[0m[[0m[0mdebug[0m] [0m[0m> Exec(__preWatch console0, None, Some(CommandSource(console0)))[0m
[0m[[0m[0mdebug[0m] [0m[0m> Exec(fastLinkJS, None, Some(CommandSource(console0)))[0m
[0m[[0m[0mdebug[0m] [0m[0mEvaluating tasks: Compile / fastLinkJS[0m
[0m[[0m[0mdebug[0m] [0m[0mRunning task... Cancel: Signal, check cycles: false, forcegc: true[0m
[0m[[0m[0minfo[0m] [0m[0mcompiling 1 Scala source to C:\Users\telmo\Desktop\Dissertation\APIGenMPST\target\scala-3.4.0\classes ...[0m
[0m[[0m[31merror[0m] [0m[0m[31m[31m-- [E018] Syntax Error: C:\Users\telmo\Desktop\Dissertation\APIGenMPST\src\main\scala\mpst\main\Main.scala:54:42 [0m[0m[0m
[0m[[0m[31merror[0m] [0m[0m[31m54 |[0m    [33mval[0m [36mreductions[0m: [35mList[0m[([35mAction[0m,[35mState[0m)] =[0m
[0m[[0m[31merror[0m] [0m[0m[31m[31m   |[0m                                          ^[0m[0m
[0m[[0m[31merror[0m] [0m[0m[31m   |[0m                                       expression expected but [31mval[0m found[0m
[0m[[0m[31merror[0m] [0m[0m[31m   |[0m[0m
[0m[[0m[31merror[0m] [0m[0m[31m   |[0m longer explanation available when compiling with `-explain`[0m
[0m[[0m[31merror[0m] [0m[0m[31m[31m-- [E006] Not Found Error: C:\Users\telmo\Desktop\Dissertation\APIGenMPST\src\main\scala\mpst\main\Main.scala:14:31 [0m[0m[0m
[0m[[0m[31merror[0m] [0m[0m[31m14 |[0m  [33mvar[0m [36menvironment[0m: [35mMap[0m[[35mString[0m, [35mProtocol[0m][0m
[0m[[0m[31merror[0m] [0m[0m[31m[31m   |[0m                               ^^^^^^^^[0m[0m
[0m[[0m[31merror[0m] [0m[0m[31m   |[0m                               Not found: type Protocol[0m
[0m[[0m[31merror[0m] [0m[0m[31m   |[0m[0m
[0m[[0m[31merror[0m] [0m[0m[31m   |[0m longer explanation available when compiling with `-explain`[0m
[0m[[0m[31merror[0m] [0m[0m[31m[31m-- [E067] Syntax Error: C:\Users\telmo\Desktop\Dissertation\APIGenMPST\src\main\scala\mpst\main\Main.scala:14:6 [0m[0m[0m
[0m[[0m[31merror[0m] [0m[0m[31m14 |[0m  [33mvar[0m [36menvironment[0m: [35mMap[0m[[35mString[0m, [35mProtocol[0m][0m
[0m[[0m[31merror[0m] [0m[0m[31m[31m   |[0m      ^[0m[0m
[0m[[0m[31merror[0m] [0m[0m[31m   |[0mDeclaration of [33mvariable[0m [35menvironment[0m not allowed here: only classes can have declared but undefined members[0m
[0m[[0m[31merror[0m] [0m[0m[31m   |[0m[0m
[0m[[0m[31merror[0m] [0m[0m[31m   |[0m longer explanation available when compiling with `-explain`[0m
[0m[[0m[31merror[0m] [0m[0m[31m[31m-- [E006] Not Found Error: C:\Users\telmo\Desktop\Dissertation\APIGenMPST\src\main\scala\mpst\main\Main.scala:15:13 [0m[0m[0m
[0m[[0m[31merror[0m] [0m[0m[31m15 |[0m  [33mvar[0m [36mlocal[0m: [35mProtocol[0m[0m
[0m[[0m[31merror[0m] [0m[0m[31m[31m   |[0m             ^^^^^^^^[0m[0m
[0m[[0m[31merror[0m] [0m[0m[31m   |[0m             Not found: type Protocol[0m
[0m[[0m[31merror[0m] [0m[0m[31m   |[0m[0m
[0m[[0m[31merror[0m] [0m[0m[31m   |[0m longer explanation available when compiling with `-explain`[0m
[0m[[0m[31merror[0m] [0m[0m[31m[31m-- [E067] Syntax Error: C:\Users\telmo\Desktop\Dissertation\APIGenMPST\src\main\scala\mpst\main\Main.scala:15:6 [0m[0m[0m
[0m[[0m[31merror[0m] [0m[0m[31m15 |[0m  [33mvar[0m [36mlocal[0m: [35mProtocol[0m[0m
[0m[[0m[31merror[0m] [0m[0m[31m[31m   |[0m      ^[0m[0m
[0m[[0m[31merror[0m] [0m[0m[31m   |[0mDeclaration of [33msetter[0m [35mlocal_=[0m not allowed here: only classes can have declared but undefined members[0m
[0m[[0m[31merror[0m] [0m[0m[31m   |[0m[0m
[0m[[0m[31merror[0m] [0m[0m[31m   |[0m longer explanation available when compiling with `-explain`[0m
[0m[[0m[31merror[0m] [0m[0m[31m[31m-- [E006] Not Found Error: C:\Users\telmo\Desktop\Dissertation\APIGenMPST\src\main\scala\mpst\main\Main.scala:53:46 [0m[0m[0m
[0m[[0m[31merror[0m] [0m[0m[31m53 |[0m    [33mval[0m [36mnextReductions[0m = WSFI_semantic.reduce(reductionEnvironment, reductionLoca)[0m
[0m[[0m[31merror[0m] [0m[0m[31m[31m   |[0m                                              ^^^^^^^^^^^^^^^^^^^^[0m[0m
[0m[[0m[31merror[0m] [0m[0m[31m   |[0m                                         Not found: reductionEnvironment[0m
[0m[[0m[31merror[0m] [0m[0m[31m   |[0m[0m
[0m[[0m[31merror[0m] [0m[0m[31m   |[0m longer explanation available when compiling with `-explain`[0m
[0m[[0m[31merror[0m] [0m[0m[31m[31m-- [E006] Not Found Error: C:\Users\telmo\Desktop\Dissertation\APIGenMPST\src\main\scala\mpst\main\Main.scala:53:68 [0m[0m[0m
[0m[[0m[31merror[0m] [0m[0m[31m53 |[0m    [33mval[0m [36mnextReductions[0m = WSFI_semantic.reduce(reductionEnvironment, reductionLoca)[0m
[0m[[0m[31merror[0m] [0m[0m[31m[31m   |[0m                                                                    ^^^^^^^^^^^^^[0m[0m
[0m[[0m[31merror[0m] [0m[0m[31m   |[0m                                                Not found: reductionLoca[0m
[0m[[0m[31merror[0m] [0m[0m[31m   |[0m[0m
[0m[[0m[31merror[0m] [0m[0m[31m   |[0m longer explanation available when compiling with `-explain`[0m
[0m[[0m[31merror[0m] [0m[0m[31m[31m-- [E006] Not Found Error: C:\Users\telmo\Desktop\Dissertation\APIGenMPST\src\main\scala\mpst\main\Main.scala:58:20 [0m[0m[0m
[0m[[0m[31merror[0m] [0m[0m[31m58 |[0m    createRectangle(canvas, text)[0m
[0m[[0m[31merror[0m] [0m[0m[31m[31m   |[0m                    ^^^^^^[0m[0m
[0m[[0m[31merror[0m] [0m[0m[31m   |[0m                    Not found: canvas[0m
[0m[[0m[31merror[0m] [0m[0m[31m   |[0m[0m
[0m[[0m[31merror[0m] [0m[0m[31m   |[0m longer explanation available when compiling with `-explain`[0m
[0m[[0m[31merror[0m] [0m[0m8 errors found[0m
[0m[[0m[0mdebug[0m] [0m[0mGlobal IR cache stats: reused: 0 -- invalidated: 0 -- trees read: 0[0m
[0m[[0m[31merror[0m] [0m[0m(Compile / [31mcompileIncremental[0m) Compilation failed[0m
[0m[[0m[31merror[0m] [0m[0mTotal time: 0 s, completed Apr 4, 2024, 7:47:05 PM[0m
[0m[[0m[0mdebug[0m] [0m[0m> Exec(resumeFromFailure, None, Some(CommandSource(console0)))[0m
[0m[[0m[0mdebug[0m] [0m[0m> Exec(sbtPopOnFailure, None, Some(CommandSource(console0)))[0m
[0m[[0m[0mdebug[0m] [0m[0m> Exec(__postWatch console0, None, Some(CommandSource(console0)))[0m
[0m[[0m[0mdebug[0m] [0m[0m> Exec(resumeFromFailure, None, None)[0m
[0m[[0m[0mdebug[0m] [0m[0m> Exec(__waitWatch console0, None, None)[0m
