[0m[[0m[0mdebug[0m] [0m[0m> Exec(__runWatch console0, Some(e0fdd3fd-40cf-48dd-acf7-340a573ef9f2), Some(CommandSource(console0)))[0m
[0m[[0m[0mdebug[0m] [0m[0m> Exec(sbtStashOnFailure, None, Some(CommandSource(console0)))[0m
[0m[[0m[0mdebug[0m] [0m[0m> Exec(__preWatch console0, None, Some(CommandSource(console0)))[0m
[0m[[0m[0mdebug[0m] [0m[0m> Exec(fastOptJS, None, Some(CommandSource(console0)))[0m
[0m[[0m[0mdebug[0m] [0m[0mEvaluating tasks: Compile / fastOptJS[0m
[0m[[0m[0mdebug[0m] [0m[0mRunning task... Cancel: Signal, check cycles: false, forcegc: true[0m
[0m[[0m[0minfo[0m] [0m[0mcompiling 1 Scala source to C:\Users\telmo\Desktop\Dissertation\APIGenMPST\target\scala-3.4.0\classes ...[0m
[0m[[0m[31merror[0m] [0m[0m[31m[31m-- [E006] Not Found Error: C:\Users\telmo\Desktop\Dissertation\APIGenMPST\src\main\scala\mpst\main\Main.scala:13:2 [0m[0m[0m
[0m[[0m[31merror[0m] [0m[0m[31m13 |[0m  end appendParagra ph[0m
[0m[[0m[31merror[0m] [0m[0m[31m[31m   |[0m  ^^^[0m[0m
[0m[[0m[31merror[0m] [0m[0m[31m   |[0m  Not found: end[0m
[0m[[0m[31merror[0m] [0m[0m[31m   |[0m[0m
[0m[[0m[31merror[0m] [0m[0m[31m   |[0m longer explanation available when compiling with `-explain`[0m
[0m[[0m[33mwarn[0m] [0m[0m[33m[33m-- Warning: C:\Users\telmo\Desktop\Dissertation\APIGenMPST\src\main\scala\mpst\main\Main.scala:13:6 [0m[0m[0m
[0m[[0m[33mwarn[0m] [0m[0m[33m13 |[0m  end appendParagra ph[0m
[0m[[0m[33mwarn[0m] [0m[0m[33m[33m   |[0m      ^^^^^^^^^^^^^[0m[0m
[0m[[0m[33mwarn[0m] [0m[0m[33m   |[0mAlphanumeric method appendParagra is not declared [33minfix[0m; it should not be used as infix operator.[0m
[0m[[0m[33mwarn[0m] [0m[0m[33m   |[0mInstead, use method syntax .appendParagra(...) or backticked identifier `appendParagra`.[0m
[0m[[0m[33mwarn[0m] [0m[0m[33m   |[0mThe latter can be rewritten automatically under -rewrite -source 3.4-migration.[0m
[0m[[0m[33mwarn[0m] [0m[0mone warning found[0m
[0m[[0m[31merror[0m] [0m[0mone error found[0m
[0m[[0m[0mdebug[0m] [0m[0mGlobal IR cache stats: reused: 0 -- invalidated: 0 -- trees read: 0[0m
[0m[[0m[0mdebug[0m] [0m[0mForcing garbage collection...[0m
[0m[[0m[31merror[0m] [0m[0m(Compile / [31mcompileIncremental[0m) Compilation failed[0m
[0m[[0m[31merror[0m] [0m[0mTotal time: 1 s, completed Mar 27, 2024, 4:17:15 PM[0m
[0m[[0m[0mdebug[0m] [0m[0m> Exec(resumeFromFailure, None, Some(CommandSource(console0)))[0m
[0m[[0m[0mdebug[0m] [0m[0m> Exec(sbtPopOnFailure, None, Some(CommandSource(console0)))[0m
[0m[[0m[0mdebug[0m] [0m[0m> Exec(__postWatch console0, None, Some(CommandSource(console0)))[0m
[0m[[0m[0mdebug[0m] [0m[0m> Exec(resumeFromFailure, None, None)[0m
[0m[[0m[0mdebug[0m] [0m[0m> Exec(__waitWatch console0, None, None)[0m
